[35m[Appium][39m Welcome to Appium v1.17.0
[35m[Appium][39m Non-default server args:
[35m[Appium][39m   port: 56649
[35m[Appium][39m   tmpDir: C:\Users\ashok\AppData\Local\Temp\\Katalon\Appium\Temp1594114032608
[35m[Appium][39m   chromedriverPort: 56650
[35m[Appium][39m Deprecated server args:
[35m[Appium][39m   [31m--chromedriver-port[39m => --default-capabilities '{"chromedriverPort":56650}'
[35m[Appium][39m Default capabilities, which will be added to each request unless overridden by desired capabilities:
[35m[Appium][39m   chromedriverPort: 56650
[35m[Appium][39m Appium REST http interface listener started on 0.0.0.0:56649
[35m[HTTP][39m [37m-->[39m [37mGET[39m [37m/wd/hub/status[39m
[35m[HTTP][39m [90m{}[39m
[debug] [35m[GENERIC][39m Calling AppiumDriver.getStatus() with args: []
[debug] [35m[GENERIC][39m Responding to client with driver.getStatus() result: {"build":{"version":"1.17.0"}}
[35m[HTTP][39m [37m<-- GET /wd/hub/status [39m[32m200[39m [90m55 ms - 68[39m
[35m[HTTP][39m [90m[39m
[35m[HTTP][39m [37m-->[39m [37mGET[39m [37m/wd/hub/status[39m
[35m[HTTP][39m [90m{}[39m
[debug] [35m[GENERIC][39m Calling AppiumDriver.getStatus() with args: []
[debug] [35m[GENERIC][39m Responding to client with driver.getStatus() result: {"build":{"version":"1.17.0"}}
[35m[HTTP][39m [37m<-- GET /wd/hub/status [39m[32m200[39m [90m6 ms - 68[39m
[35m[HTTP][39m [90m[39m
[35m[HTTP][39m [37m-->[39m [37mPOST[39m [37m/wd/hub/session[39m
[35m[HTTP][39m [90m{"desiredCapabilities":{"app":"C:\\Users\\ashok\\Downloads\\app-release.apk","noReset":true,"deviceName":"Xiaomi Redmi Note 8 (Android 9)","fullReset":false,"platform":"ANDROID","newCommandTimeout":1800,"platformVersion":"9","automationName":"uiautomator2","autoGrantPermissions":true,"platformName":"Android","udid":"1738ae18","systemPort":56691},"capabilities":{"firstMatch":[{"appium:app":"C:\\Users\\ashok\\Downloads\\app-release.apk","appium:autoGrantPermissions":true,"appium:automationName":"uiautomator2","appium:deviceName":"Xiaomi Redmi Note 8 (Android 9)","appium:fullReset":false,"appium:newCommandTimeout":1800,"appium:noReset":true,"platform":"ANDROID","platformName":"android","appium:platformVersion":"9","appium:systemPort":56691,"appium:udid":"1738ae18"}]}}[39m
[debug] [35m[W3C][39m Calling AppiumDriver.createSession() with args: [{"app":"C:\\Users\\ashok\\Downloads\\app-release.apk","noReset":true,"deviceName":"Xiaomi Redmi Note 8 (Android 9)","fullReset":false,"platform":"ANDROID","newCommandTimeout":1800,"platformVersion":"9","automationName":"uiautomator2","autoGrantPermissions":true,"platformName":"Android","udid":"1738ae18","systemPort":56691},null,{"firstMatch":[{"appium:app":"C:\\Users\\ashok\\Downloads\\app-release.apk","appium:autoGrantPermissions":true,"appium:automationName":"uiautomator2","appium:deviceName":"Xiaomi Redmi Note 8 (Android 9)","appium:fullReset":false,"appium:newCommandTimeout":1800,"appium:noReset":true,"platform":"ANDROID","platformName":"android","appium:platformVersion":"9","appium:systemPort":56691,"appium:udid":"1738ae18"}]}]
[debug] [35m[BaseDriver][39m Event 'newSessionRequested' logged at 1594114065565 (14:57:45 GMT+0530 (India Standard Time))
[35m[BaseDriver][39m The following capabilities are not standard capabilities and should have an extension prefix:
[35m[BaseDriver][39m   platform
[35m[BaseDriver][39m   chromedriverPort
[35m[Appium][39m Appium v1.17.0 creating new AndroidUiautomator2Driver (v1.44.2) session
[debug] [35m[BaseDriver][39m W3C capabilities and MJSONWP desired capabilities were provided
[debug] [35m[BaseDriver][39m Creating session with W3C capabilities: {
[debug] [35m[BaseDriver][39m   "alwaysMatch": {
[debug] [35m[BaseDriver][39m     "appium:platform": "ANDROID",
[debug] [35m[BaseDriver][39m     "platformName": "android",
[debug] [35m[BaseDriver][39m     "appium:chromedriverPort": 56650,
[debug] [35m[BaseDriver][39m     "appium:app": "C:\\Users\\ashok\\Downloads\\app-release.apk",
[debug] [35m[BaseDriver][39m     "appium:autoGrantPermissions": true,
[debug] [35m[BaseDriver][39m     "appium:automationName": "uiautomator2",
[debug] [35m[BaseDriver][39m     "appium:deviceName": "Xiaomi Redmi Note 8 (Android 9)",
[debug] [35m[BaseDriver][39m     "appium:fullReset": false,
[debug] [35m[BaseDriver][39m     "appium:newCommandTimeout": 1800,
[debug] [35m[BaseDriver][39m     "appium:noReset": true,
[debug] [35m[BaseDriver][39m     "appium:platformVersion": "9",
[debug] [35m[BaseDriver][39m     "appium:systemPort": 56691,
[debug] [35m[BaseDriver][39m     "appium:udid": "1738ae18"
[debug] [35m[BaseDriver][39m   },
[debug] [35m[BaseDriver][39m   "firstMatch": [
[debug] [35m[BaseDriver][39m     {}
[debug] [35m[BaseDriver][39m   ]
[debug] [35m[BaseDriver][39m }
[35m[BaseDriver][39m The following capabilities were provided, but are not recognized by Appium:
[35m[BaseDriver][39m   platform
[35m[BaseDriver][39m Session created with session id: 6fcc297a-3bd0-4c83-b6a9-87faa73e8f76
[35m[BaseDriver][39m Using local app 'C:\Users\ashok\Downloads\app-release.apk'
[debug] [35m[UiAutomator2][39m Checking whether app is actually present
[35m[ADB][39m Found 1 'build-tools' folders under 'C:\Users\ashok\.katalon\tools\android_sdk' (newest first):
[35m[ADB][39m     C:/Users/ashok/.katalon/tools/android_sdk/build-tools/30.0.0
[35m[ADB][39m Using 'adb.exe' from 'C:\Users\ashok\.katalon\tools\android_sdk\platform-tools\adb.exe'
[35m[AndroidDriver][39m Retrieving device list
[debug] [35m[ADB][39m Trying to find a connected android device
[debug] [35m[ADB][39m Getting connected devices...
[debug] [35m[ADB][39m Connected devices: [{"udid":"1738ae18","state":"device"}]
[35m[AndroidDriver][39m Using device: 1738ae18
[35m[ADB][39m Using 'adb.exe' from 'C:\Users\ashok\.katalon\tools\android_sdk\platform-tools\adb.exe'
[debug] [35m[ADB][39m Setting device id to 1738ae18
[debug] [35m[ADB][39m Running 'C:\Users\ashok\.katalon\tools\android_sdk\platform-tools\adb.exe -P 5037 -s 1738ae18 shell getprop ro.build.version.sdk'
[debug] [35m[ADB][39m Current device property 'ro.build.version.sdk': 28
[35m[ADB][39m Getting device platform version
[debug] [35m[ADB][39m Running 'C:\Users\ashok\.katalon\tools\android_sdk\platform-tools\adb.exe -P 5037 -s 1738ae18 shell getprop ro.build.version.release'
[debug] [35m[ADB][39m Current device property 'ro.build.version.release': 9
[debug] [35m[ADB][39m Device API level: 28
[35m[UiAutomator2][39m Relaxing hidden api policy
[debug] [35m[ADB][39m Running 'C:\Users\ashok\.katalon\tools\android_sdk\platform-tools\adb.exe -P 5037 -s 1738ae18 shell settings put global hidden_api_policy_pre_p_apps 1'
[debug] [35m[ADB][39m Running 'C:\Users\ashok\.katalon\tools\android_sdk\platform-tools\adb.exe -P 5037 -s 1738ae18 shell settings put global hidden_api_policy_p_apps 1'
[debug] [35m[ADB][39m Running 'C:\Users\ashok\.katalon\tools\android_sdk\platform-tools\adb.exe -P 5037 -s 1738ae18 shell settings put global hidden_api_policy 1'
[debug] [35m[AndroidDriver][39m Parsing package and activity from app manifest
[35m[ADB][39m Package name: 'com.turftown'
[35m[ADB][39m Main activity name: 'com.turftown.MainActivity'
[debug] [35m[AndroidDriver][39m Parsed package and activity are: com.turftown/com.turftown.MainActivity
[debug] [35m[ADB][39m Running 'C:\Users\ashok\.katalon\tools\android_sdk\platform-tools\adb.exe -P 5037 -s 1738ae18 wait-for-device'
[debug] [35m[ADB][39m Running 'C:\Users\ashok\.katalon\tools\android_sdk\platform-tools\adb.exe -P 5037 -s 1738ae18 shell echo ping'
[debug] [35m[AndroidDriver][39m Pushing settings apk to device...
[debug] [35m[ADB][39m Getting install status for io.appium.settings
[debug] [35m[ADB][39m Running 'C:\Users\ashok\.katalon\tools\android_sdk\platform-tools\adb.exe -P 5037 -s 1738ae18 shell dumpsys package io.appium.settings'
[debug] [35m[ADB][39m 'io.appium.settings' is installed
[debug] [35m[ADB][39m Getting package info for 'io.appium.settings'
[debug] [35m[ADB][39m Running 'C:\Users\ashok\.katalon\tools\android_sdk\platform-tools\adb.exe -P 5037 -s 1738ae18 shell dumpsys package io.appium.settings'
[debug] [35m[ADB][39m The version name of the installed 'io.appium.settings' is greater or equal to the application version name ('3.1.0' >= '3.1.0')
[debug] [35m[ADB][39m There is no need to install/upgrade 'C:\Users\ashok\AppData\Roaming\npm\node_modules\appium\node_modules\io.appium.settings\apks\settings_apk-debug.apk'
[debug] [35m[ADB][39m Getting IDs of all 'io.appium.settings' processes
[debug] [35m[ADB][39m Running 'C:\Users\ashok\.katalon\tools\android_sdk\platform-tools\adb.exe -P 5037 -s 1738ae18 shell 'pgrep --help; echo $?''
[debug] [35m[ADB][39m Running 'C:\Users\ashok\.katalon\tools\android_sdk\platform-tools\adb.exe -P 5037 -s 1738ae18 shell pgrep -f io\\.appium\\.settings'
[debug] [35m[AndroidDriver][39m io.appium.settings is already running. There is no need to reset its permissions.
[debug] [35m[ADB][39m Running 'C:\Users\ashok\.katalon\tools\android_sdk\platform-tools\adb.exe -P 5037 -s 1738ae18 shell appops set io.appium.settings android\:mock_location allow'
[debug] [35m[Logcat][39m Starting logcat capture
[debug] [35m[UiAutomator2][39m Forwarding UiAutomator2 Server port 6790 to 56691
[debug] [35m[ADB][39m Forwarding system: 56691 to device: 6790
[debug] [35m[ADB][39m Running 'C:\Users\ashok\.katalon\tools\android_sdk\platform-tools\adb.exe -P 5037 -s 1738ae18 forward tcp\:56691 tcp\:6790'
[debug] [35m[ADB][39m Getting install status for io.appium.uiautomator2.server
[debug] [35m[ADB][39m Running 'C:\Users\ashok\.katalon\tools\android_sdk\platform-tools\adb.exe -P 5037 -s 1738ae18 shell dumpsys package io.appium.uiautomator2.server'
[debug] [35m[ADB][39m 'io.appium.uiautomator2.server' is installed
[debug] [35m[ADB][39m Getting package info for 'io.appium.uiautomator2.server'
[debug] [35m[ADB][39m Running 'C:\Users\ashok\.katalon\tools\android_sdk\platform-tools\adb.exe -P 5037 -s 1738ae18 shell dumpsys package io.appium.uiautomator2.server'
[debug] [35m[ADB][39m The version name of the installed 'io.appium.uiautomator2.server' is greater or equal to the application version name ('4.5.5' >= '4.5.5')
[debug] [35m[UiAutomator2][39m io.appium.uiautomator2.server installation state: sameVersionInstalled
[debug] [35m[ADB][39m Checking app cert for C:\Users\ashok\AppData\Roaming\npm\node_modules\appium\node_modules\appium-uiautomator2-server\apks\appium-uiautomator2-server-v4.5.5.apk
[35m[ADB][39m Using 'apksigner.jar' from 'C:\Users\ashok\.katalon\tools\android_sdk\build-tools\30.0.0\lib\apksigner.jar'
[debug] [35m[ADB][39m Starting apksigner: C:\\Users\\ashok\\Downloads\\Katalon_Studio_Windows_64-7.5.5\\Katalon_Studio_Windows_64-7.5.5\\jre\\bin\\java.exe -Xmx1024M -Xss1m -jar C:\\Users\\ashok\\.katalon\\tools\\android_sdk\\build-tools\\30.0.0\\lib\\apksigner.jar verify --print-certs C:\\Users\\ashok\\AppData\\Roaming\\npm\\node_modules\\appium\\node_modules\\appium-uiautomator2-server\\apks\\appium-uiautomator2-server-v4.5.5.apk
[35m[ADB][39m Cannot use apksigner tool for signature verification. Original error: Command 'C:\\Users\\ashok\\Downloads\\Katalon_Studio_Windows_64-7.5.5\\Katalon_Studio_Windows_64-7.5.5\\jre\\bin\\java.exe -Xmx1024M -Xss1m -jar C:\\Users\\ashok\\.katalon\\tools\\android_sdk\\build-tools\\30.0.0\\lib\\apksigner.jar verify --print-certs C:\\Users\\ashok\\AppData\\Roaming\\npm\\node_modules\\appium\\node_modules\\appium-uiautomator2-server\\apks\\appium-uiautomator2-server-v4.5.5.apk' exited with code 1
[debug] [35m[ADB][39m Defaulting to verify.jar
[debug] [35m[ADB][39m 'C:\Users\ashok\AppData\Roaming\npm\node_modules\appium\node_modules\appium-uiautomator2-server\apks\appium-uiautomator2-server-v4.5.5.apk' is signed with the default certificate
[debug] [35m[ADB][39m Getting install status for io.appium.uiautomator2.server.test
[debug] [35m[ADB][39m Running 'C:\Users\ashok\.katalon\tools\android_sdk\platform-tools\adb.exe -P 5037 -s 1738ae18 shell dumpsys package io.appium.uiautomator2.server.test'
[debug] [35m[ADB][39m 'io.appium.uiautomator2.server.test' is installed
[debug] [35m[ADB][39m Checking app cert for C:\Users\ashok\AppData\Roaming\npm\node_modules\appium\node_modules\appium-uiautomator2-server\apks\appium-uiautomator2-server-debug-androidTest.apk
[debug] [35m[ADB][39m Starting apksigner: C:\\Users\\ashok\\Downloads\\Katalon_Studio_Windows_64-7.5.5\\Katalon_Studio_Windows_64-7.5.5\\jre\\bin\\java.exe -Xmx1024M -Xss1m -jar C:\\Users\\ashok\\.katalon\\tools\\android_sdk\\build-tools\\30.0.0\\lib\\apksigner.jar verify --print-certs C:\\Users\\ashok\\AppData\\Roaming\\npm\\node_modules\\appium\\node_modules\\appium-uiautomator2-server\\apks\\appium-uiautomator2-server-debug-androidTest.apk
[35m[ADB][39m Cannot use apksigner tool for signature verification. Original error: Command 'C:\\Users\\ashok\\Downloads\\Katalon_Studio_Windows_64-7.5.5\\Katalon_Studio_Windows_64-7.5.5\\jre\\bin\\java.exe -Xmx1024M -Xss1m -jar C:\\Users\\ashok\\.katalon\\tools\\android_sdk\\build-tools\\30.0.0\\lib\\apksigner.jar verify --print-certs C:\\Users\\ashok\\AppData\\Roaming\\npm\\node_modules\\appium\\node_modules\\appium-uiautomator2-server\\apks\\appium-uiautomator2-server-debug-androidTest.apk' exited with code 1
[debug] [35m[ADB][39m Defaulting to verify.jar
[debug] [35m[ADB][39m 'C:\Users\ashok\AppData\Roaming\npm\node_modules\appium\node_modules\appium-uiautomator2-server\apks\appium-uiautomator2-server-debug-androidTest.apk' is signed with the default certificate
[35m[UiAutomator2][39m Server packages are not going to be (re)installed
[debug] [35m[UiAutomator2][39m Waiting up to 30000ms for services to be available
[debug] [35m[ADB][39m Running 'C:\Users\ashok\.katalon\tools\android_sdk\platform-tools\adb.exe -P 5037 -s 1738ae18 shell pm list instrumentation'
[debug] [35m[UiAutomator2][39m Instrumentation target 'io.appium.uiautomator2.server.test/androidx.test.runner.AndroidJUnitRunner' is available
[debug] [35m[ADB][39m Checking app cert for C:\Users\ashok\Downloads\app-release.apk
[debug] [35m[ADB][39m Starting apksigner: C:\\Users\\ashok\\Downloads\\Katalon_Studio_Windows_64-7.5.5\\Katalon_Studio_Windows_64-7.5.5\\jre\\bin\\java.exe -Xmx1024M -Xss1m -jar C:\\Users\\ashok\\.katalon\\tools\\android_sdk\\build-tools\\30.0.0\\lib\\apksigner.jar verify --print-certs C:\\Users\\ashok\\Downloads\\app-release.apk
[35m[ADB][39m Cannot use apksigner tool for signature verification. Original error: Command 'C:\\Users\\ashok\\Downloads\\Katalon_Studio_Windows_64-7.5.5\\Katalon_Studio_Windows_64-7.5.5\\jre\\bin\\java.exe -Xmx1024M -Xss1m -jar C:\\Users\\ashok\\.katalon\\tools\\android_sdk\\build-tools\\30.0.0\\lib\\apksigner.jar verify --print-certs C:\\Users\\ashok\\Downloads\\app-release.apk' exited with code 1
[debug] [35m[ADB][39m Defaulting to verify.jar
[debug] [35m[ADB][39m 'C:\Users\ashok\Downloads\app-release.apk' is signed with the default certificate
[debug] [35m[ADB][39m Getting install status for com.turftown
[debug] [35m[ADB][39m Running 'C:\Users\ashok\.katalon\tools\android_sdk\platform-tools\adb.exe -P 5037 -s 1738ae18 shell dumpsys package com.turftown'
[debug] [35m[ADB][39m 'com.turftown' is installed
[debug] [35m[ADB][39m Getting package info for 'com.turftown'
[debug] [35m[ADB][39m Running 'C:\Users\ashok\.katalon\tools\android_sdk\platform-tools\adb.exe -P 5037 -s 1738ae18 shell dumpsys package com.turftown'
[debug] [35m[ADB][39m The version name of the installed 'com.turftown' is greater or equal to the application version name ('26.0.0' >= '26.0.0')
[debug] [35m[ADB][39m There is no need to install/upgrade 'C:\Users\ashok\Downloads\app-release.apk'
[debug] [35m[UiAutomator2][39m Performing shallow cleanup of automation leftovers
[debug] [35m[UiAutomator2][39m No obsolete sessions have been detected (Error: socket hang up)
[debug] [35m[ADB][39m Running 'C:\Users\ashok\.katalon\tools\android_sdk\platform-tools\adb.exe -P 5037 -s 1738ae18 shell am force-stop io.appium.uiautomator2.server.test'
[35m[UiAutomator2][39m Starting UIAutomator2 server 4.5.5
[35m[UiAutomator2][39m Using UIAutomator2 server from 'C:\Users\ashok\AppData\Roaming\npm\node_modules\appium\node_modules\appium-uiautomator2-server\apks\appium-uiautomator2-server-v4.5.5.apk' and test from 'C:\Users\ashok\AppData\Roaming\npm\node_modules\appium\node_modules\appium-uiautomator2-server\apks\appium-uiautomator2-server-debug-androidTest.apk'
[35m[UiAutomator2][39m Waiting up to 30000ms for UiAutomator2 to be online...
[debug] [35m[ADB][39m Creating ADB subprocess with args: ["-P",5037,"-s","1738ae18","shell","am","instrument","-w","io.appium.uiautomator2.server.test/androidx.test.runner.AndroidJUnitRunner"]
[debug] [35m[WD Proxy][39m Matched '/status' to command name 'getStatus'
[debug] [35m[WD Proxy][39m Proxying [GET /status] to [GET http://127.0.0.1:56691/wd/hub/status] with no body
[35m[WD Proxy][39m Got response with unknown status: {"code":"ECONNRESET"}
[debug] [35m[WD Proxy][39m Matched '/status' to command name 'getStatus'
[debug] [35m[WD Proxy][39m Proxying [GET /status] to [GET http://127.0.0.1:56691/wd/hub/status] with no body
[35m[WD Proxy][39m Got response with unknown status: {"code":"ECONNRESET"}
[debug] [35m[Instrumentation][39m io.appium.uiautomator2.server.test.AppiumUiAutomator2Server:
[debug] [35m[WD Proxy][39m Matched '/status' to command name 'getStatus'
[debug] [35m[WD Proxy][39m Proxying [GET /status] to [GET http://127.0.0.1:56691/wd/hub/status] with no body
[35m[WD Proxy][39m Got response with unknown status: {"code":"ECONNRESET"}
[debug] [35m[WD Proxy][39m Matched '/status' to command name 'getStatus'
[debug] [35m[WD Proxy][39m Proxying [GET /status] to [GET http://127.0.0.1:56691/wd/hub/status] with no body
[debug] [35m[WD Proxy][39m Got response with status 200: {"sessionId":"None","value":{"ready":true,"message":"UiAutomator2 Server is ready to accept commands"}}
[debug] [35m[UiAutomator2][39m The initialization of the instrumentation process took 4174ms
[debug] [35m[WD Proxy][39m Matched '/session' to command name 'createSession'
[debug] [35m[WD Proxy][39m Proxying [POST /session] to [POST http://127.0.0.1:56691/wd/hub/session] with body: {"capabilities":{"firstMatch":[{"platform":"ANDROID","webStorageEnabled":false,"takesScreenshot":true,"javascriptEnabled":true,"databaseEnabled":false,"networkConnectionEnabled":true,"locationContextEnabled":false,"warnings":{},"desired":{"platformName":"android","platform":"ANDROID","chromedriverPort":56650,"app":"C:\\Users\\ashok\\Downloads\\app-release.apk","autoGrantPermissions":true,"automationName":"uiautomator2","deviceName":"Xiaomi Redmi Note 8 (Android 9)","fullReset":false,"newCommandTimeout":1800,"noReset":true,"platformVersion":"9","systemPort":56691,"udid":"1738ae18"},"platformName":"android","chromedriverPort":56650,"app":"C:\\Users\\ashok\\Downloads\\app-release.apk","autoGrantPermissions":true,"automationName":"uiautomator2","deviceName":"1738ae18","fullReset":false,"newCommandTimeout":1800,"noReset":true,"platformVersion":"9","systemPort":56691,"udid":"1738ae18","deviceUDID":"1738ae18","appPackage":"com.turftown"}],"alwaysMatch":{}}}
[debug] [35m[WD Proxy][39m Got response with status 200: {"sessionId":"0f600ac7-4ca2-4c30-93e4-0ea47062acda","value":{"sessionId":"0f600ac7-4ca2-4c30-93e4-0ea47062acda","capabilities":{"firstMatch":[{"platform":"ANDROID","webStorageEnabled":false,"takesScreenshot":true,"javascriptEnabled":true,"databaseEnabled":false,"networkConnectionEnabled":true,"locationContextEnabled":false,"warnings":{},"desired":{"platformName":"android","platform":"ANDROID","chromedriverPort":56650,"app":"C:\\Users\\ashok\\Downloads\\app-release.apk","autoGrantPermissions":true,"automationName":"uiautomator2","deviceName":"Xiaomi Redmi Note 8 (Android 9)","fullReset":false,"newCommandTimeout":1800,"noReset":true,"platformVersion":"9","systemPort":56691,"udid":"1738ae18"},"platformName":"android","chromedriverPort":56650,"app":"C:\\Users\\ashok\\Downloads\\app-release.apk","autoGrantPermissions":true,"automationName":"uiautomator2","deviceName":"1738ae18","fullReset":false,"newCommandTimeout":1800,"noReset":true,"platformVersion":"9","systemPort":56691,"udid":"1738ae18","deviceUDID":"1738...
[35m[WD Proxy][39m Determined the downstream protocol as 'W3C'
[debug] [35m[WD Proxy][39m Proxying [GET /appium/device/info] to [GET http://127.0.0.1:56691/wd/hub/session/0f600ac7-4ca2-4c30-93e4-0ea47062acda/appium/device/info] with no body
[debug] [35m[WD Proxy][39m Got response with status 200: {"sessionId":"0f600ac7-4ca2-4c30-93e4-0ea47062acda","value":{"androidId":"fcb91c840d0a15c1","manufacturer":"Xiaomi","model":"Redmi Note 8","brand":"xiaomi","apiVersion":"28","platformVersion":"9","carrierName":"airtel","realDisplaySize":"1080x2340","displayDensity":440,"networks":[{"type":0,"typeName":"MOBILE","subtype":13,"subtypeName":"LTE","isConnected":true,"detailedState":"CONNECTED","state":"CONNECTED","extraInfo":"ims","isAvailable":true,"isFailover":false,"isRoaming":false,"capabilities":{"transportTypes":"TRANSPORT_CELLULAR","networkCapabilities":"NET_CAPABILITY_IMS,NET_CAPABILITY_NOT_METERED,NET_CAPABILITY_TRUSTED,NET_CAPABILITY_NOT_VPN,NET_CAPABILITY_VALIDATED,NET_CAPABILITY_NOT_ROAMING,NET_CAPABILITY_FOREGROUND,NET_CAPABILITY_NOT_CONGESTED,NET_CAPABILITY_NOT_SUSPENDED","linkUpstreamBandwidthKbps":20,"linkDownBandwidthKbps":14872,"signalStrength":-2147483648,"networkSpecifier":"2","SSID":null}},{"type":1,"typeName":"WIFI","subtype":0,"subtypeName":"","isConnected":true,"detailedState":"CONNECTED...
[debug] [35m[ADB][39m Running 'C:\Users\ashok\.katalon\tools\android_sdk\platform-tools\adb.exe -P 5037 -s 1738ae18 shell dumpsys window'
[35m[AndroidDriver][39m Screen already unlocked, doing nothing
[35m[UiAutomator2][39m Starting 'com.turftown/com.turftown.MainActivity and waiting for 'com.turftown/com.turftown.MainActivity'
[debug] [35m[ADB][39m Running 'C:\Users\ashok\.katalon\tools\android_sdk\platform-tools\adb.exe -P 5037 -s 1738ae18 shell am start -W -n com.turftown/com.turftown.MainActivity -S -a android.intent.action.MAIN -c android.intent.category.LAUNCHER -f 0x10200000'
[debug] [35m[ADB][39m Waiting up to 20000ms for activity matching pkg: 'com.turftown' and activity: 'com.turftown.MainActivity' to be focused
[debug] [35m[ADB][39m Possible activities, to be checked: 'com.turftown.MainActivity', 'com.turftown.com.turftown.MainActivity'
[debug] [35m[ADB][39m Getting focused package and activity
[debug] [35m[ADB][39m Running 'C:\Users\ashok\.katalon\tools\android_sdk\platform-tools\adb.exe -P 5037 -s 1738ae18 shell dumpsys window windows'
[debug] [35m[ADB][39m Found package: 'com.turftown' and fully qualified activity name : 'com.turftown.MainActivity'
[debug] [35m[WD Proxy][39m Proxying [GET /appium/device/pixel_ratio] to [GET http://127.0.0.1:56691/wd/hub/session/0f600ac7-4ca2-4c30-93e4-0ea47062acda/appium/device/pixel_ratio] with body: {}
[debug] [35m[WD Proxy][39m Got response with status 200: {"sessionId":"0f600ac7-4ca2-4c30-93e4-0ea47062acda","value":2.75}
[debug] [35m[WD Proxy][39m Matched '/appium/device/system_bars' to command name 'getSystemBars'
[debug] [35m[WD Proxy][39m Proxying [GET /appium/device/system_bars] to [GET http://127.0.0.1:56691/wd/hub/session/0f600ac7-4ca2-4c30-93e4-0ea47062acda/appium/device/system_bars] with body: {}
[debug] [35m[WD Proxy][39m Got response with status 200: {"sessionId":"0f600ac7-4ca2-4c30-93e4-0ea47062acda","value":{"statusBar":80}}
[debug] [35m[WD Proxy][39m Matched '/window/current/size' to command name 'getWindowSize'
[debug] [35m[WD Proxy][39m Proxying [GET /window/current/size] to [GET http://127.0.0.1:56691/wd/hub/session/0f600ac7-4ca2-4c30-93e4-0ea47062acda/window/current/size] with body: {}
[debug] [35m[WD Proxy][39m Got response with status 200: {"sessionId":"0f600ac7-4ca2-4c30-93e4-0ea47062acda","value":{"height":2130,"width":1080}}
[35m[Appium][39m New AndroidUiautomator2Driver session created successfully, session 6fcc297a-3bd0-4c83-b6a9-87faa73e8f76 added to master session list
[debug] [35m[BaseDriver][39m Event 'newSessionStarted' logged at 1594114091756 (14:58:11 GMT+0530 (India Standard Time))
[debug] [35m[W3C (6fcc297a)][39m Cached the protocol value 'W3C' for the new session 6fcc297a-3bd0-4c83-b6a9-87faa73e8f76
[debug] [35m[W3C (6fcc297a)][39m Responding to client with driver.createSession() result: {"capabilities":{"platform":"ANDROID","webStorageEnabled":false,"takesScreenshot":true,"javascriptEnabled":true,"databaseEnabled":false,"networkConnectionEnabled":true,"locationContextEnabled":false,"warnings":{},"desired":{"platformName":"android","platform":"ANDROID","chromedriverPort":56650,"app":"C:\\Users\\ashok\\Downloads\\app-release.apk","autoGrantPermissions":true,"automationName":"uiautomator2","deviceName":"Xiaomi Redmi Note 8 (Android 9)","fullReset":false,"newCommandTimeout":1800,"noReset":true,"platformVersion":"9","systemPort":56691,"udid":"1738ae18"},"platformName":"android","chromedriverPort":56650,"app":"C:\\Users\\ashok\\Downloads\\app-release.apk","autoGrantPermissions":true,"automationName":"uiautomator2","deviceName":"1738ae18","fullReset":false,"newCommandTimeout":1800,"noReset":true,"platformVersion":"9","systemPort":56691,"udid":"1738ae18","deviceUDID":"1738ae18","appPackage":"com.turftown","deviceApiLevel":28,"deviceScreenSize":"1080x2340","deviceScreenDensity":440,"deviceModel":"...
[35m[HTTP][39m [37m<-- POST /wd/hub/session [39m[32m200[39m [90m26202 ms - 1226[39m
[35m[HTTP][39m [90m[39m
[35m[HTTP][39m [37m-->[39m [37mGET[39m [37m/wd/hub/session/6fcc297a-3bd0-4c83-b6a9-87faa73e8f76[39m
[35m[HTTP][39m [90m{}[39m
[debug] [35m[W3C (6fcc297a)][39m Calling AppiumDriver.getSession() with args: ["6fcc297a-3bd0-4c83-b6a9-87faa73e8f76"]
[debug] [35m[UiAutomator2][39m Getting session details from server to mix in
[debug] [35m[WD Proxy][39m Matched '/' to command name 'getSession'
[debug] [35m[WD Proxy][39m Proxying [GET /] to [GET http://127.0.0.1:56691/wd/hub/session/0f600ac7-4ca2-4c30-93e4-0ea47062acda] with body: {}
[debug] [35m[WD Proxy][39m Got response with status 200: {"sessionId":"0f600ac7-4ca2-4c30-93e4-0ea47062acda","value":{}}
[debug] [35m[W3C (6fcc297a)][39m Responding to client with driver.getSession() result: {"platform":"ANDROID","webStorageEnabled":false,"takesScreenshot":true,"javascriptEnabled":true,"databaseEnabled":false,"networkConnectionEnabled":true,"locationContextEnabled":false,"warnings":{},"desired":{"platformName":"android","platform":"ANDROID","chromedriverPort":56650,"app":"C:\\Users\\ashok\\Downloads\\app-release.apk","autoGrantPermissions":true,"automationName":"uiautomator2","deviceName":"Xiaomi Redmi Note 8 (Android 9)","fullReset":false,"newCommandTimeout":1800,"noReset":true,"platformVersion":"9","systemPort":56691,"udid":"1738ae18"},"platformName":"android","chromedriverPort":56650,"app":"C:\\Users\\ashok\\Downloads\\app-release.apk","autoGrantPermissions":true,"automationName":"uiautomator2","deviceName":"1738ae18","fullReset":false,"newCommandTimeout":1800,"noReset":true,"platformVersion":"9","systemPort":56691,"udid":"1738ae18","deviceUDID":"1738ae18","appPackage":"com.turftown","deviceApiLevel":28,"deviceScreenSize":"1080x2340","deviceScreenDensity":440,"deviceModel":"Redmi Note 8","d...
[35m[HTTP][39m [37m<-- GET /wd/hub/session/6fcc297a-3bd0-4c83-b6a9-87faa73e8f76 [39m[32m200[39m [90m21 ms - 1158[39m
[35m[HTTP][39m [90m[39m
[35m[HTTP][39m [37m-->[39m [37mGET[39m [37m/wd/hub/session/6fcc297a-3bd0-4c83-b6a9-87faa73e8f76[39m
[35m[HTTP][39m [90m{}[39m
[debug] [35m[W3C (6fcc297a)][39m Calling AppiumDriver.getSession() with args: ["6fcc297a-3bd0-4c83-b6a9-87faa73e8f76"]
[debug] [35m[UiAutomator2][39m Getting session details from server to mix in
[debug] [35m[WD Proxy][39m Matched '/' to command name 'getSession'
[debug] [35m[WD Proxy][39m Proxying [GET /] to [GET http://127.0.0.1:56691/wd/hub/session/0f600ac7-4ca2-4c30-93e4-0ea47062acda] with body: {}
[debug] [35m[WD Proxy][39m Got response with status 200: {"sessionId":"0f600ac7-4ca2-4c30-93e4-0ea47062acda","value":{}}
[debug] [35m[W3C (6fcc297a)][39m Responding to client with driver.getSession() result: {"platform":"ANDROID","webStorageEnabled":false,"takesScreenshot":true,"javascriptEnabled":true,"databaseEnabled":false,"networkConnectionEnabled":true,"locationContextEnabled":false,"warnings":{},"desired":{"platformName":"android","platform":"ANDROID","chromedriverPort":56650,"app":"C:\\Users\\ashok\\Downloads\\app-release.apk","autoGrantPermissions":true,"automationName":"uiautomator2","deviceName":"Xiaomi Redmi Note 8 (Android 9)","fullReset":false,"newCommandTimeout":1800,"noReset":true,"platformVersion":"9","systemPort":56691,"udid":"1738ae18"},"platformName":"android","chromedriverPort":56650,"app":"C:\\Users\\ashok\\Downloads\\app-release.apk","autoGrantPermissions":true,"automationName":"uiautomator2","deviceName":"1738ae18","fullReset":false,"newCommandTimeout":1800,"noReset":true,"platformVersion":"9","systemPort":56691,"udid":"1738ae18","deviceUDID":"1738ae18","appPackage":"com.turftown","deviceApiLevel":28,"deviceScreenSize":"1080x2340","deviceScreenDensity":440,"deviceModel":"Redmi Note 8","d...
[35m[HTTP][39m [37m<-- GET /wd/hub/session/6fcc297a-3bd0-4c83-b6a9-87faa73e8f76 [39m[32m200[39m [90m23 ms - 1158[39m
[35m[HTTP][39m [90m[39m
[35m[HTTP][39m [37m-->[39m [37mGET[39m [37m/wd/hub/status[39m
[35m[HTTP][39m [90m{}[39m
[debug] [35m[GENERIC][39m Calling AppiumDriver.getStatus() with args: []
[debug] [35m[GENERIC][39m Responding to client with driver.getStatus() result: {"build":{"version":"1.17.0"}}
[35m[HTTP][39m [37m<-- GET /wd/hub/status [39m[32m200[39m [90m1 ms - 68[39m
[35m[HTTP][39m [90m[39m
[35m[HTTP][39m [37m-->[39m [37mPOST[39m [37m/wd/hub/session/6fcc297a-3bd0-4c83-b6a9-87faa73e8f76/timeouts[39m
[35m[HTTP][39m [90m{"implicit":60000}[39m
[debug] [35m[W3C (6fcc297a)][39m Calling AppiumDriver.timeouts() with args: [null,null,null,null,60000,"6fcc297a-3bd0-4c83-b6a9-87faa73e8f76"]
[debug] [35m[BaseDriver][39m W3C timeout argument: {"implicit":60000}}
[debug] [35m[BaseDriver][39m Set implicit wait to 60000ms
[debug] [35m[W3C (6fcc297a)][39m Responding to client with driver.timeouts() result: null
[35m[HTTP][39m [37m<-- POST /wd/hub/session/6fcc297a-3bd0-4c83-b6a9-87faa73e8f76/timeouts [39m[32m200[39m [90m6 ms - 14[39m
[35m[HTTP][39m [90m[39m
[35m[HTTP][39m [37m-->[39m [37mGET[39m [37m/wd/hub/session/6fcc297a-3bd0-4c83-b6a9-87faa73e8f76/source[39m
[35m[HTTP][39m [90m{}[39m
[35m[W3C (6fcc297a)][39m Driver proxy active, passing request on via HTTP proxy
[debug] [35m[WD Proxy][39m Matched '/wd/hub/session/6fcc297a-3bd0-4c83-b6a9-87faa73e8f76/source' to command name 'getPageSource'
[debug] [35m[WD Proxy][39m Proxying [GET /wd/hub/session/6fcc297a-3bd0-4c83-b6a9-87faa73e8f76/source] to [GET http://127.0.0.1:56691/wd/hub/session/0f600ac7-4ca2-4c30-93e4-0ea47062acda/source] with body: {}
[debug] [35m[WD Proxy][39m Got response with status 200: {"sessionId":"0f600ac7-4ca2-4c30-93e4-0ea47062acda","value":"<?xml version='1.0' encoding='UTF-8' standalone='yes' ?>\r\n<hierarchy index=\"0\" class=\"hierarchy\" rotation=\"0\" width=\"1080\" height=\"2130\">\r\n  <android.widget.FrameLayout index=\"0\" package=\"com.turftown\" class=\"android.widget.FrameLayout\" text=\"\" checkable=\"false\" checked=\"false\" clickable=\"false\" enabled=\"true\" focusable=\"false\" focused=\"false\" long-clickable=\"false\" password=\"false\" scrollable=\"false\" selected=\"false\" bounds=\"[0,0][1080,2130]\" displayed=\"true\">\r\n    <android.widget.LinearLayout index=\"0\" package=\"com.turftown\" class=\"android.widget.LinearLayout\" text=\"\" checkable=\"false\" checked=\"false\" clickable=\"false\" enabled=\"true\" focusable=\"false\" focused=\"false\" long-clickable=\"false\" password=\"false\" scrollable=\"false\" selected=\"false\" bounds=\"[0,0][1080,2130]\" displayed=\"true\">\r\n      <android.widget.FrameLayout index=\"0\" package=\"com.turftown\" class=\"...
[35m[WD Proxy][39m Replacing sessionId 0f600ac7-4ca2-4c30-93e4-0ea47062acda with 6fcc297a-3bd0-4c83-b6a9-87faa73e8f76
[35m[HTTP][39m [37m<-- GET /wd/hub/session/6fcc297a-3bd0-4c83-b6a9-87faa73e8f76/source [39m[32m200[39m [90m485 ms - 2720[39m
[35m[HTTP][39m [90m[39m
[35m[HTTP][39m [37m-->[39m [37mGET[39m [37m/wd/hub/session/6fcc297a-3bd0-4c83-b6a9-87faa73e8f76/screenshot[39m
[35m[HTTP][39m [90m{}[39m
[debug] [35m[W3C (6fcc297a)][39m Calling AppiumDriver.getScreenshot() with args: ["6fcc297a-3bd0-4c83-b6a9-87faa73e8f76"]
[debug] [35m[WD Proxy][39m Matched '/screenshot' to command name 'getScreenshot'
[debug] [35m[WD Proxy][39m Proxying [GET /screenshot] to [GET http://127.0.0.1:56691/wd/hub/session/0f600ac7-4ca2-4c30-93e4-0ea47062acda/screenshot] with no body
[debug] [35m[WD Proxy][39m Got response with status 200: {"sessionId":"0f600ac7-4ca2-4c30-93e4-0ea47062acda","value":"iVBORw0KGgoAAAANSUhEUgAABDgAAAkkCAYAAAD508+vAAAABHNCSVQICAgIfAhkiAAAIABJREFU\neJzs3XecVNX9\/\/H3vdNnK0tZelUUUAE7FtSIXcFCSCyxxxaNLZqo+ZmvJho1xhK7xhiNibF3bAiW\n2EVERbEBKiLswvbdKTtz7++P2TY7M8vusgscfD198BB22p29s3fved\/P+RwrNGuFKwAAAAAAAIPZ\nG3oDAAAAAAAA1hUBBwAAAAAAMB4BBwAAAAAAMB4BBwAAAAAAMB4BBwAAAAAAMB4BBwAAAAAAMB4B\nBwAAAAAAMB4BBwAAAAAAMB4BBwAAAAAAMB4BBwAAAAAAMB4BBwAAAAAAMB4BBwAAAAAAMB4BBwAA\nAAAAMB4BBwAAAAAAMB4BBwAAAAAAMB4BBwAAAAAAMB4BBwAAAAAAMB4BBwAAAAAAMB4BBwAAAAAA\nMB4BBwAAAAAAMB4BBwAAAAAAMB4BBwAAAAAAMB4BBwAAAAAAMB4BBwAAAAAAMB4BBwAAAAAAMB4B\nBwAAAAAAMB4BBwAAAAAAMB4BBwAAAAAAMB4BBwAAAAAAMB4BBwAAAAAAMJ53Q28AAPSmoCeqXQbM\n16\/G3atp\/V6VbbuyGh3JceXKlZOw9ErlLrrlyxP0+uopiiRDG3qTAQAAAHSDFZq1wt3QGwEAPcmS\nqy2Lv9acg45SvmplO0nJleS4Wf6kvu46rpKOpZgT0sHv\/0fvV03e0G8DAAAAQBcQcAA9wLYkr8eS\nbUlW05\/OcN3UH8eVEklXDj+N62xQuEzvHj5dRXaNLNdJfYOTbqcCjrZfe3jNoTpp4U0b+u0AAAAA\n6CQCDmAdBH2W9psc0LSJAW0xxKuBxbbCAUt+ryW\/z5InR5ebpCPFG13FE64icVerqhx9\/n1CL38U\n03MfxBSJb3w\/lv...
[debug] [35m[W3C (6fcc297a)][39m Responding to client with driver.getScreenshot() result: "iVBORw0KGgoAAAANSUhEUgAABDgAAAkkCAYAAAD508+vAAAABHNCSVQICAgIfAhkiAAAIABJREFU\neJzs3XecVNX9//H3vdNnK0tZelUUUAE7FtSIXcFCSCyxxxaNLZqo+ZmvJho1xhK7xhiNibF3bAiW\n2EVERbEBKiLswvbdKTtz7++P2TY7M8vusgscfD198BB22p29s3fved/P+RwrNGuFKwAAAAAAAIPZ\nG3oDAAAAAAAA1hUBBwAAAAAAMB4BBwAAAAAAMB4BBwAAAAAAMB4BBwAAAAAAMB4BBwAAAAAAMB4B\nBwAAAAAAMB4BBwAAAAAAMB4BBwAAAAAAMB4BBwAAAAAAMB4BBwAAAAAAMB4BBwAAAAAAMB4BBwAA\nAAAAMB4BBwAAAAAAMB4BBwAAAAAAMB4BBwAAAAAAMB4BBwAAAAAAMB4BBwAAAAAAMB4BBwAAAAAA\nMB4BBwAAAAAAMB4BBwAAAAAAMB4BBwAAAAAAMB4BBwAAAAAAMB4BBwAAAAAAMB4BBwAAAAAAMB4B\nBwAAAAAAMB4BBwAAAAAAMB4BBwAAAAAAMB4BBwAAAAAAMB4BBwAAAAAAMJ53Q28AAPSmoCeqXQbM\n16/G3atp/V6VbbuyGh3JceXKlZOw9ErlLrrlyxP0+uopiiRDG3qTAQAAAHSDFZq1wt3QGwEAPcmS\nqy2Lv9acg45SvmplO0nJleS4Wf6kvu46rpKOpZgT0sHv/0fvV03e0G8DAAAAQBcQcAA9wLYkr8eS\nbUlW05/OcN3UH8eVEklXDj+N62xQuEzvHj5dRXaNLNdJfYOTbqcCjrZfe3jNoTpp4U0b+u0AAAAA\n6CQCDmAdBH2W9psc0LSJAW0xxKuBxbbCAUt+ryW/z5InR5ebpCPFG13FE64icVerqhx9/n1CL38U\n03MfxBSJb3w/lv0KbQ3v55HjSsvXJLW6xtnQm5TGkqvrp/5JJ475b1OwoVRY0Y2Aw3JcubJUNPdb\nuepkWr...
[35m[HTTP][39m [37m<-- GET /wd/hub/session/6fcc297a-3bd0-4c83-b6a9-87faa73e8f76/screenshot [39m[32m200[39m [90m840 ms - 48636[39m
[35m[HTTP][39m [90m[39m
[35m[HTTP][39m [37m-->[39m [37mGET[39m [37m/wd/hub/session/6fcc297a-3bd0-4c83-b6a9-87faa73e8f76/source[39m
[35m[HTTP][39m [90m{}[39m
[35m[W3C (6fcc297a)][39m Driver proxy active, passing request on via HTTP proxy
[debug] [35m[WD Proxy][39m Matched '/wd/hub/session/6fcc297a-3bd0-4c83-b6a9-87faa73e8f76/source' to command name 'getPageSource'
[debug] [35m[WD Proxy][39m Proxying [GET /wd/hub/session/6fcc297a-3bd0-4c83-b6a9-87faa73e8f76/source] to [GET http://127.0.0.1:56691/wd/hub/session/0f600ac7-4ca2-4c30-93e4-0ea47062acda/source] with body: {}
[debug] [35m[WD Proxy][39m Got response with status 200: {"sessionId":"0f600ac7-4ca2-4c30-93e4-0ea47062acda","value":"<?xml version='1.0' encoding='UTF-8' standalone='yes' ?>\r\n<hierarchy index=\"0\" class=\"hierarchy\" rotation=\"0\" width=\"1080\" height=\"2130\">\r\n  <android.widget.FrameLayout index=\"0\" package=\"com.turftown\" class=\"android.widget.FrameLayout\" text=\"\" checkable=\"false\" checked=\"false\" clickable=\"false\" enabled=\"true\" focusable=\"false\" focused=\"false\" long-clickable=\"false\" password=\"false\" scrollable=\"false\" selected=\"false\" bounds=\"[0,0][1080,2130]\" displayed=\"true\">\r\n    <android.widget.LinearLayout index=\"0\" package=\"com.turftown\" class=\"android.widget.LinearLayout\" text=\"\" checkable=\"false\" checked=\"false\" clickable=\"false\" enabled=\"true\" focusable=\"false\" focused=\"false\" long-clickable=\"false\" password=\"false\" scrollable=\"false\" selected=\"false\" bounds=\"[0,0][1080,2130]\" displayed=\"true\">\r\n      <android.widget.FrameLayout index=\"0\" package=\"com.turftown\" class=\"...
[35m[WD Proxy][39m Replacing sessionId 0f600ac7-4ca2-4c30-93e4-0ea47062acda with 6fcc297a-3bd0-4c83-b6a9-87faa73e8f76
[35m[HTTP][39m [37m<-- GET /wd/hub/session/6fcc297a-3bd0-4c83-b6a9-87faa73e8f76/source [39m[32m200[39m [90m2649 ms - 117995[39m
[35m[HTTP][39m [90m[39m
[35m[HTTP][39m [37m-->[39m [37mGET[39m [37m/wd/hub/session/6fcc297a-3bd0-4c83-b6a9-87faa73e8f76/screenshot[39m
[35m[HTTP][39m [90m{}[39m
[debug] [35m[W3C (6fcc297a)][39m Calling AppiumDriver.getScreenshot() with args: ["6fcc297a-3bd0-4c83-b6a9-87faa73e8f76"]
[debug] [35m[WD Proxy][39m Matched '/screenshot' to command name 'getScreenshot'
[debug] [35m[WD Proxy][39m Proxying [GET /screenshot] to [GET http://127.0.0.1:56691/wd/hub/session/0f600ac7-4ca2-4c30-93e4-0ea47062acda/screenshot] with no body
[debug] [35m[WD Proxy][39m Got response with status 200: {"sessionId":"0f600ac7-4ca2-4c30-93e4-0ea47062acda","value":"iVBORw0KGgoAAAANSUhEUgAABDgAAAkkCAYAAAD508+vAAAABHNCSVQICAgIfAhkiAAAIABJREFU\neJzs3Xd8U\/UaBvDnnOw0abpo2VPZAhVBloCKiKgsEQeKiIq419Wr4nVdUVGvm+HEvUAZIigg4AAB\nZQ9B9qaD7uzknPtHOjLbpE2bpjxfP3yEJGckOU1znvP+3p+gG3dCBhERERERERFRHBNjvQNERERE\nRERERDXFgIOIiIiIiIiI4h4DDiIiIiIiIiKKeww4iIiIiIiIiCjuMeAgIiIiIiIiorjHgIOIiIiI\niIiI4h4DDiIiIiIiIiKKeww4iIiIiIiIiCjuMeAgIiIiIiIiorjHgIOIiIiIiIiI4h4DDiIiIiIi\nIiKKeww4iIiIiIiIiCjuMeAgIiIiIiIiorjHgIOIiIiIiIiI4h4DDiIiIiIiIiKKeww4iIiIiIiI\niCjuMeAgIiIiIiIiorjHgIOIiIiIiIiI4h4DDiIiIiIiIiKKeww4iIiIiIiIiCjuMeAgIiIiIiIi\norjHgIOIiIiIiIiI4h4DDiIiIiIiIiKKeww4iIiIiIiIiCjuMeAgIiIiIiIiorjHgIOIiIiIiIiI\n4h4DDiIiIiIiIiKKeww4iIiIiIiIiCjuMeAgIiIiIiIiorjHgIOIiIiIiIiI4p4y1jtARFSbtAob\n+qVvxF2dPsaQtF8gijIEpwRIMmTIkFwCVuf3w4y9N+O33L6wunWx3mUiIiIiIqoGQTfuhBzrnSAi\niiYBMjom7ceKy6+HAcUQJTcgA5DkIH88t8uSDLckwC7pcMVfX+CvgsxYPw0iIiIiIooAAw6iKBAF\nQKkQIAqAUPonHLLs+SPJgMstQ+JPY4010Wdjw5gRMIlFEGTJ8wK75bACDu\/b5p4ehVu2vhXrp0NE\nRERERGFiwEFUA1qVgEszNR...
[debug] [35m[W3C (6fcc297a)][39m Responding to client with driver.getScreenshot() result: "iVBORw0KGgoAAAANSUhEUgAABDgAAAkkCAYAAAD508+vAAAABHNCSVQICAgIfAhkiAAAIABJREFU\neJzs3Xd8U/UaBvDnnOw0abpo2VPZAhVBloCKiKgsEQeKiIq419Wr4nVdUVGvm+HEvUAZIigg4AAB\nZQ9B9qaD7uzknPtHOjLbpE2bpjxfP3yEJGckOU1znvP+3p+gG3dCBhERERERERFRHBNjvQNERERE\nRERERDXFgIOIiIiIiIiI4h4DDiIiIiIiIiKKeww4iIiIiIiIiCjuMeAgIiIiIiIiorjHgIOIiIiI\niIiI4h4DDiIiIiIiIiKKeww4iIiIiIiIiCjuMeAgIiIiIiIiorjHgIOIiIiIiIiI4h4DDiIiIiIi\nIiKKeww4iIiIiIiIiCjuMeAgIiIiIiIiorjHgIOIiIiIiIiI4h4DDiIiIiIiIiKKeww4iIiIiIiI\niCjuMeAgIiIiIiIiorjHgIOIiIiIiIiI4h4DDiIiIiIiIiKKeww4iIiIiIiIiCjuMeAgIiIiIiIi\norjHgIOIiIiIiIiI4h4DDiIiIiIiIiKKeww4iIiIiIiIiCjuMeAgIiIiIiIiorjHgIOIiIiIiIiI\n4h4DDiIiIiIiIiKKeww4iIiIiIiIiCjuMeAgIiIiIiIiorjHgIOIiIiIiIiI4p4y1jtARFSbtAob\n+qVvxF2dPsaQtF8gijIEpwRIMmTIkFwCVuf3w4y9N+O33L6wunWx3mUiIiIiIqoGQTfuhBzrnSAi\niiYBMjom7ceKy6+HAcUQJTcgA5DkIH88t8uSDLckwC7pcMVfX+CvgsxYPw0iIiIiIooAAw6iKBAF\nQKkQIAqAUPonHLLs+SPJgMstQ+JPY4010Wdjw5gRMIlFEGTJ8wK75bACDu/b5p4ehVu2vhXrp0NE\nRERERGFiwEFUA1qVgEszNRjSXYMOzZRonCRCrxGgVgpQqwQoQnS5cUuAwynD4ZJhdcjIKpCw57gL\nP2+zY+...
[35m[HTTP][39m [37m<-- GET /wd/hub/session/6fcc297a-3bd0-4c83-b6a9-87faa73e8f76/screenshot [39m[32m200[39m [90m716 ms - 246810[39m
[35m[HTTP][39m [90m[39m
[35m[HTTP][39m [37m-->[39m [37mGET[39m [37m/wd/hub/session/6fcc297a-3bd0-4c83-b6a9-87faa73e8f76/source[39m
[35m[HTTP][39m [90m{}[39m
[35m[W3C (6fcc297a)][39m Driver proxy active, passing request on via HTTP proxy
[debug] [35m[WD Proxy][39m Matched '/wd/hub/session/6fcc297a-3bd0-4c83-b6a9-87faa73e8f76/source' to command name 'getPageSource'
[debug] [35m[WD Proxy][39m Proxying [GET /wd/hub/session/6fcc297a-3bd0-4c83-b6a9-87faa73e8f76/source] to [GET http://127.0.0.1:56691/wd/hub/session/0f600ac7-4ca2-4c30-93e4-0ea47062acda/source] with body: {}
[debug] [35m[WD Proxy][39m Got response with status 200: {"sessionId":"0f600ac7-4ca2-4c30-93e4-0ea47062acda","value":"<?xml version='1.0' encoding='UTF-8' standalone='yes' ?>\r\n<hierarchy index=\"0\" class=\"hierarchy\" rotation=\"0\" width=\"1080\" height=\"2130\">\r\n  <android.widget.FrameLayout index=\"0\" package=\"com.turftown\" class=\"android.widget.FrameLayout\" text=\"\" checkable=\"false\" checked=\"false\" clickable=\"false\" enabled=\"true\" focusable=\"false\" focused=\"false\" long-clickable=\"false\" password=\"false\" scrollable=\"false\" selected=\"false\" bounds=\"[0,0][1080,2130]\" displayed=\"true\">\r\n    <android.widget.LinearLayout index=\"0\" package=\"com.turftown\" class=\"android.widget.LinearLayout\" text=\"\" checkable=\"false\" checked=\"false\" clickable=\"false\" enabled=\"true\" focusable=\"false\" focused=\"false\" long-clickable=\"false\" password=\"false\" scrollable=\"false\" selected=\"false\" bounds=\"[0,0][1080,2130]\" displayed=\"true\">\r\n      <android.widget.FrameLayout index=\"0\" package=\"com.turftown\" class=\"...
[35m[WD Proxy][39m Replacing sessionId 0f600ac7-4ca2-4c30-93e4-0ea47062acda with 6fcc297a-3bd0-4c83-b6a9-87faa73e8f76
[35m[HTTP][39m [37m<-- GET /wd/hub/session/6fcc297a-3bd0-4c83-b6a9-87faa73e8f76/source [39m[32m200[39m [90m2177 ms - 124252[39m
[35m[HTTP][39m [90m[39m
[35m[HTTP][39m [37m-->[39m [37mGET[39m [37m/wd/hub/session/6fcc297a-3bd0-4c83-b6a9-87faa73e8f76/screenshot[39m
[35m[HTTP][39m [90m{}[39m
[debug] [35m[W3C (6fcc297a)][39m Calling AppiumDriver.getScreenshot() with args: ["6fcc297a-3bd0-4c83-b6a9-87faa73e8f76"]
[debug] [35m[WD Proxy][39m Matched '/screenshot' to command name 'getScreenshot'
[debug] [35m[WD Proxy][39m Proxying [GET /screenshot] to [GET http://127.0.0.1:56691/wd/hub/session/0f600ac7-4ca2-4c30-93e4-0ea47062acda/screenshot] with no body
[debug] [35m[WD Proxy][39m Got response with status 200: {"sessionId":"0f600ac7-4ca2-4c30-93e4-0ea47062acda","value":"iVBORw0KGgoAAAANSUhEUgAABDgAAAkkCAYAAAD508+vAAAABHNCSVQICAgIfAhkiAAAIABJREFU\neJzs3Xd4FOXaBvB7ZraX9EIngNKrCCIgRQER6SJ2bIiKvZ5P8XjsRz32AupRUY8NQRREEEEBFUUQ\nASmCCIQO6W2zfeb7Y5NstiW7ySabDffvuriAzc7Mu9lkd+ee531eQT\/9mAIiIiIiIiIiojgmxnoA\nRERERERERET1xYCDiIiIiIiIiOIeAw4iIiIiIiIiinsMOIiIiIiIiIgo7jHgICIiIiIiIqK4x4CD\niIiIiIiIiOIeAw4iIiIiIiIiinsMOIiIiIiIiIgo7jHgICIiIiIiIqK4x4CDiIiIiIiIiOIeAw4i\nIiIiIiIiinsMOIiIiIiIiIgo7jHgICIiIiIiIqK4x4CDiIiIiIiIiOIeAw4iIiIiIiIiinsMOIiI\niIiIiIgo7jHgICIiIiIiIqK4x4CDiIiIiIiIiOIeAw4iIiIiIiIiinsMOIiIiIiIiIgo7jHgICIi\nIiIiIqK4x4CDiIiIiIiIiOIeAw4iIiIiIiIiinsMOIiIiIiIiIgo7jHgICIiIiIiIqK4x4CDiIiI\niIiIiOIeAw4iIiIiIiIiinsMOIiIiIiIiIgo7jHgICIiIiIiIqK4x4CDiIiIiIiIiOKeKtYDICJq\naDrJhsEZm3FLt\/cxKm0dRFGB4JQBWYECBbJLwNrCwXh977X4Me9sWN36WA+ZiIiIiIgiJOinH1Ni\nPQgiomgToKBr0j6svvBymFAKUXYDCgBZCfLHc7siK3DLAuyyHuN\/+xi\/FfWL9cMgIiIiIqIwMeAg\nihJRAFSSAFEAhIo\/4VAUzx9ZAVxuBTJ\/I+utpSEHG6dORKJYAkGRPd9gtxJWwFH9toX5k3H9tldj\n\/XCIiIiIiCgMDDiI6...
[debug] [35m[W3C (6fcc297a)][39m Responding to client with driver.getScreenshot() result: "iVBORw0KGgoAAAANSUhEUgAABDgAAAkkCAYAAAD508+vAAAABHNCSVQICAgIfAhkiAAAIABJREFU\neJzs3Xd4FOXaBvB7ZraX9EIngNKrCCIgRQER6SJ2bIiKvZ5P8XjsRz32AupRUY8NQRREEEEBFUUQ\nASmCCIQO6W2zfeb7Y5NstiW7ySabDffvuriAzc7Mu9lkd+ee531eQT/9mAIiIiIiIiIiojgmxnoA\nRERERERERET1xYCDiIiIiIiIiOIeAw4iIiIiIiIiinsMOIiIiIiIiIgo7jHgICIiIiIiIqK4x4CD\niIiIiIiIiOIeAw4iIiIiIiIiinsMOIiIiIiIiIgo7jHgICIiIiIiIqK4x4CDiIiIiIiIiOIeAw4i\nIiIiIiIiinsMOIiIiIiIiIgo7jHgICIiIiIiIqK4x4CDiIiIiIiIiOIeAw4iIiIiIiIiinsMOIiI\niIiIiIgo7jHgICIiIiIiIqK4x4CDiIiIiIiIiOIeAw4iIiIiIiIiinsMOIiIiIiIiIgo7jHgICIi\nIiIiIqK4x4CDiIiIiIiIiOIeAw4iIiIiIiIiinsMOIiIiIiIiIgo7jHgICIiIiIiIqK4x4CDiIiI\niIiIiOIeAw4iIiIiIiIiinsMOIiIiIiIiIgo7jHgICIiIiIiIqK4x4CDiIiIiIiIiOKeKtYDICJq\naDrJhsEZm3FLt/cxKm0dRFGB4JQBWYECBbJLwNrCwXh977X4Me9sWN36WA+ZiIiIiIgiJOinH1Ni\nPQgiomgToKBr0j6svvBymFAKUXYDCgBZCfLHc7siK3DLAuyyHuN/+xi/FfWL9cMgIiIiIqIwMeAg\nihJRAFSSAFEAhIo/4VAUzx9ZAVxuBTJ/I+utpSEHG6dORKJYAkGRPd9gtxJWwFH9toX5k3H9tldj\n/XCIiIiIiCgMDDiI6kmnFnB+Py1G9dGiS2sVWiSJMGgFaFQCNGoBUohON24ZcDgVOFwKrA4FJ4tk\n7Dnqwn...
[35m[HTTP][39m [37m<-- GET /wd/hub/session/6fcc297a-3bd0-4c83-b6a9-87faa73e8f76/screenshot [39m[32m200[39m [90m679 ms - 160714[39m
[35m[HTTP][39m [90m[39m
[35m[BaseDriver][39m Shutting down because we waited 1800 seconds for a command
[35m[Appium][39m Closing session, cause was 'New Command Timeout of 1800 seconds expired. Try customizing the timeout using the 'newCommandTimeout' desired capability'
[35m[Appium][39m Removing session '6fcc297a-3bd0-4c83-b6a9-87faa73e8f76' from our master session list
[debug] [35m[UiAutomator2][39m Deleting UiAutomator2 session
[debug] [35m[UiAutomator2][39m Deleting UiAutomator2 server session
[debug] [35m[WD Proxy][39m Matched '/' to command name 'deleteSession'
[debug] [35m[WD Proxy][39m Proxying [DELETE /] to [DELETE http://127.0.0.1:56691/wd/hub/session/0f600ac7-4ca2-4c30-93e4-0ea47062acda] with no body
[debug] [35m[WD Proxy][39m Got response with status 200: {"sessionId":"0f600ac7-4ca2-4c30-93e4-0ea47062acda","value":null}
[debug] [35m[ADB][39m Running 'C:\Users\ashok\.katalon\tools\android_sdk\platform-tools\adb.exe -P 5037 -s 1738ae18 shell am force-stop com.turftown'
[debug] [35m[Instrumentation][39m .
[debug] [35m[Logcat][39m Stopping logcat capture
[debug] [35m[ADB][39m Removing forwarded port socket connection: 56691 
[debug] [35m[ADB][39m Running 'C:\Users\ashok\.katalon\tools\android_sdk\platform-tools\adb.exe -P 5037 -s 1738ae18 forward --remove tcp\:56691'
[35m[UiAutomator2][39m Restoring hidden api policy to the device default configuration
[debug] [35m[ADB][39m Running 'C:\Users\ashok\.katalon\tools\android_sdk\platform-tools\adb.exe -P 5037 -s 1738ae18 shell settings delete global hidden_api_policy_pre_p_apps'
[debug] [35m[ADB][39m Running 'C:\Users\ashok\.katalon\tools\android_sdk\platform-tools\adb.exe -P 5037 -s 1738ae18 shell settings delete global hidden_api_policy_p_apps'
[debug] [35m[ADB][39m Running 'C:\Users\ashok\.katalon\tools\android_sdk\platform-tools\adb.exe -P 5037 -s 1738ae18 shell settings delete global hidden_api_policy'
[debug] [35m[Instrumentation][39m Time: 1,903.728
[debug] [35m[Instrumentation][39m 
[debug] [35m[Instrumentation][39m OK (1 test)
[debug] [35m[Instrumentation][39m The process has exited with code 0
[35m[HTTP][39m [37m-->[39m [37mDELETE[39m [37m/wd/hub/session/6fcc297a-3bd0-4c83-b6a9-87faa73e8f76[39m
[35m[HTTP][39m [90m{}[39m
[debug] [35m[W3C (6fcc297a)][39m Encountered internal error running command: NoSuchDriverError: A session is either terminated or not started
[debug] [35m[W3C (6fcc297a)][39m     at asyncHandler (C:\Users\ashok\AppData\Roaming\npm\node_modules\appium\node_modules\appium-base-driver\lib\protocol\protocol.js:255:15)
[debug] [35m[W3C (6fcc297a)][39m     at C:\Users\ashok\AppData\Roaming\npm\node_modules\appium\node_modules\appium-base-driver\lib\protocol\protocol.js:447:15
[debug] [35m[W3C (6fcc297a)][39m     at Layer.handle [as handle_request] (C:\Users\ashok\AppData\Roaming\npm\node_modules\appium\node_modules\express\lib\router\layer.js:95:5)
[debug] [35m[W3C (6fcc297a)][39m     at next (C:\Users\ashok\AppData\Roaming\npm\node_modules\appium\node_modules\express\lib\router\route.js:137:13)
[debug] [35m[W3C (6fcc297a)][39m     at Route.dispatch (C:\Users\ashok\AppData\Roaming\npm\node_modules\appium\node_modules\express\lib\router\route.js:112:3)
[debug] [35m[W3C (6fcc297a)][39m     at Layer.handle [as handle_request] (C:\Users\ashok\AppData\Roaming\npm\node_modules\appium\node_modules\express\lib\router\layer.js:95:5)
[debug] [35m[W3C (6fcc297a)][39m     at C:\Users\ashok\AppData\Roaming\npm\node_modules\appium\node_modules\express\lib\router\index.js:281:22
[debug] [35m[W3C (6fcc297a)][39m     at param (C:\Users\ashok\AppData\Roaming\npm\node_modules\appium\node_modules\express\lib\router\index.js:354:14)
[debug] [35m[W3C (6fcc297a)][39m     at param (C:\Users\ashok\AppData\Roaming\npm\node_modules\appium\node_modules\express\lib\router\index.js:365:14)
[debug] [35m[W3C (6fcc297a)][39m     at Function.process_params (C:\Users\ashok\AppData\Roaming\npm\node_modules\appium\node_modules\express\lib\router\index.js:410:3)
[debug] [35m[W3C (6fcc297a)][39m     at next (C:\Users\ashok\AppData\Roaming\npm\node_modules\appium\node_modules\express\lib\router\index.js:275:10)
[debug] [35m[W3C (6fcc297a)][39m     at logger (C:\Users\ashok\AppData\Roaming\npm\node_modules\appium\node_modules\morgan\index.js:144:5)
[debug] [35m[W3C (6fcc297a)][39m     at Layer.handle [as handle_request] (C:\Users\ashok\AppData\Roaming\npm\node_modules\appium\node_modules\express\lib\router\layer.js:95:5)
[debug] [35m[W3C (6fcc297a)][39m     at trim_prefix (C:\Users\ashok\AppData\Roaming\npm\node_modules\appium\node_modules\express\lib\router\index.js:317:13)
[debug] [35m[W3C (6fcc297a)][39m     at C:\Users\ashok\AppData\Roaming\npm\node_modules\appium\node_modules\express\lib\router\index.js:284:7
[debug] [35m[W3C (6fcc297a)][39m     at Function.process_params (C:\Users\ashok\AppData\Roaming\npm\node_modules\appium\node_modules\express\lib\router\index.js:335:12)
[debug] [35m[W3C (6fcc297a)][39m     at next (C:\Users\ashok\AppData\Roaming\npm\node_modules\appium\node_modules\express\lib\router\index.js:275:10)
[debug] [35m[W3C (6fcc297a)][39m     at C:\Users\ashok\AppData\Roaming\npm\node_modules\appium\node_modules\body-parser\lib\read.js:130:5
[debug] [35m[W3C (6fcc297a)][39m     at invokeCallback (C:\Users\ashok\AppData\Roaming\npm\node_modules\appium\node_modules\raw-body\index.js:224:16)
[debug] [35m[W3C (6fcc297a)][39m     at done (C:\Users\ashok\AppData\Roaming\npm\node_modules\appium\node_modules\raw-body\index.js:213:7)
[debug] [35m[W3C (6fcc297a)][39m     at IncomingMessage.onEnd (C:\Users\ashok\AppData\Roaming\npm\node_modules\appium\node_modules\raw-body\index.js:273:7)
[debug] [35m[W3C (6fcc297a)][39m     at IncomingMessage.emit (events.js:315:20)
[debug] [35m[W3C (6fcc297a)][39m Destroying socket connection
[35m[HTTP][39m [37m<-- DELETE /wd/hub/session/6fcc297a-3bd0-4c83-b6a9-87faa73e8f76 [39m[33m404[39m [90m224 ms - 3070[39m
[35m[HTTP][39m [90m[39m
